<?xml version="1.0" encoding="UTF-8"?>
<!-- Generated by org.testng.reporters.JUnitReportReporter -->
<testsuite hostname="DESKTOP-5H3K5K8" failures="0" tests="2" name="surveyMonkey.Test.CompareitemTest" time="24.194" errors="0" timestamp="2021-12-27T14:54:09 EST" skipped="0">
  <testcase classname="surveyMonkey.Test.CompareitemTest" name="CallPrintItemDetails" time="15.312"/>
  <system-out/>
  <testcase classname="surveyMonkey.Test.CompareitemTest" name="PageTwo" time="8.882"/>
  <system-out/>
</testsuite> <!-- surveyMonkey.Test.CompareitemTest -->
