<?xml version="1.0" encoding="UTF-8"?>
<!-- Generated by org.testng.reporters.JUnitReportReporter -->
<testsuite hostname="DESKTOP-5H3K5K8" failures="0" tests="2" name="surveyMonkey.Test.HomePageTest" time="27.942" errors="0" timestamp="2021-12-27T13:47:53 EST" skipped="0">
  <testcase classname="surveyMonkey.Test.HomePageTest" name="ProfileSettingCall" time="15.149"/>
  <system-out/>
  <testcase classname="surveyMonkey.Test.HomePageTest" name="MyAccountCall" time="12.793"/>
  <system-out/>
</testsuite> <!-- surveyMonkey.Test.HomePageTest -->
