<?xml version="1.0" encoding="UTF-8"?>
<!-- Generated by org.testng.reporters.JUnitReportReporter -->
<testsuite hostname="DESKTOP-5H3K5K8" failures="0" tests="1" name="surveyMonkey.Test.CartTest" time="29.115" errors="0" timestamp="2021-12-27T13:36:51 EST" skipped="0">
  <testcase classname="surveyMonkey.Test.CartTest" name="SearchItemCall" time="29.115"/>
  <system-out/>
</testsuite> <!-- surveyMonkey.Test.CartTest -->
